<?xml version="1.0" encoding="UTF-8"?>
<!-- Generated by org.testng.reporters.JUnitReportReporter -->
<testsuite hostname="NTK0325" failures="0" tests="7" name="Edit.AutomationPractice.asignacionClase6" time="25.841" errors="0" timestamp="2023-01-17T11:42:25 ART" skipped="0">
  <testcase classname="Edit.AutomationPractice.asignacionClase6" name="logIn" time="1.938"/>
  <system-out/>
  <testcase classname="Edit.AutomationPractice.asignacionClase6" name="logIn" time="2.126"/>
  <system-out/>
  <testcase classname="Edit.AutomationPractice.asignacionClase6" name="logIn" time="2.485"/>
  <system-out/>
  <testcase classname="Edit.AutomationPractice.asignacionClase6" name="logIn" time="1.920"/>
  <system-out/>
  <testcase classname="Edit.AutomationPractice.asignacionClase6" name="logIn" time="2.018"/>
  <system-out/>
  <testcase classname="Edit.AutomationPractice.asignacionClase6" name="logIn" time="2.769"/>
  <system-out/>
  <testcase classname="Edit.AutomationPractice.asignacionClase6" name="compraCarrito" time="12.585"/>
  <system-out/>
</testsuite> <!-- Edit.AutomationPractice.asignacionClase6 -->
