<?xml version="1.0" encoding="UTF-8"?>
<!-- Generated by org.testng.reporters.JUnitReportReporter -->
<testsuite hostname="NTK0325" failures="0" tests="2" name="Edit.AutomationPractice.asignacionClase5" time="6.703" errors="0" timestamp="2023-01-05T17:49:13 ART" skipped="0">
  <testcase classname="Edit.AutomationPractice.asignacionClase5" name="logIn" time="3.118"/>
  <system-out/>
  <testcase classname="Edit.AutomationPractice.asignacionClase5" name="comprarCarrito" time="3.585"/>
  <system-out/>
</testsuite> <!-- Edit.AutomationPractice.asignacionClase5 -->
