<?xml version="1.0" encoding="UTF-8"?>
<!-- Generated by org.testng.reporters.JUnitReportReporter -->
<testsuite hostname="NTK0325" failures="0" tests="1" name="Edit.AutomationPractice.asignacionClase4" time="36.793" errors="0" timestamp="2022-12-27T11:10:51 ART" skipped="0">
  <testcase classname="Edit.AutomationPractice.asignacionClase4" name="registro" time="36.793"/>
  <system-out/>
</testsuite> <!-- Edit.AutomationPractice.asignacionClase4 -->
